domain:carrot-mail.io
domain:carrotquest-mail.io
domain:carrotquest.app
domain:carrotquest.io
domain:carrottrack.app
domain:dashly.app
domain:dashly.help
domain:dashly.io
domain:dashly.me
domain:dashlytrack.app
domain:mail-carrotquest.io
domain:pushgrow.io
full:api-eu.carrotquest.app
full:api-eu.carrotquest.io
full:api-ru.carrotquest.app
full:api-ru.carrotquest.io
full:api-secure.carrotquest.app
full:api-secure.carrottrack.app
full:api.carrotquest.app
full:api.carrotquest.io
full:api.carrottrack.app
full:api.dashly.app
full:api.dashlytrack.app
