domain:ak-p.tripcdn.com
domain:ak-s-cw.tripcdn.com
domain:ak-s.tripcdn.com
domain:akatest.tripcdn.com
domain:aw-d.tripcdn.com
domain:aw-p.tripcdn.com
domain:aw-s.tripcdn.com
domain:c-ctrip.com
domain:colinker.com
domain:ctrip.cn
domain:ctrip.co.id
domain:ctrip.co.kr
domain:ctrip.co.th
domain:ctrip.com
domain:ctrip.com.hk
domain:ctrip.my
domain:ctrip.sg
domain:ctripbiz.com
domain:ctripbuy.hk
domain:ctripgslb.cn
domain:ctripgslb.com
domain:ctripgslb.com.cn
domain:ctripgslb.net
domain:ctripteam.com
domain:doticloud.com
domain:easytrip.com
domain:hhtravel.com
domain:hhtravel.com.tw
domain:izuchebao.com
domain:lvtds.com
domain:qunar.com
domain:qunarcdn.com
domain:qunarzz.com
domain:shuntu.cn
domain:skysea.com
domain:suanya.cn
domain:suanya.com
domain:tieyou.com
domain:toptown.cn
domain:toursbms.com
domain:trip.com
domain:tripcdn.cn
domain:tripcdn.com
domain:vipdlt.com
