domain:97973.com
domain:ad.sina.com.cn
domain:ad.us.sinaimg.cn
domain:adbox.sina.com.cn
domain:adimg.mobile.sina.cn
domain:adimg.uve.weibo.com
domain:ads.sina.com
domain:alitui.weibo.com
domain:askdiandian.com
domain:beacon.sina.com.cn
domain:biz.weibo.com
domain:click.uve.mobile.sina.cn
domain:click.uve.weibo.com
domain:coolapk.com
domain:coolapkmarket.com
domain:coolapkmarket.net
domain:crash2.zhihu.com
domain:dandan818.com
domain:dandanvoice.com
domain:diandianlife.top
domain:douban.com
domain:douban.fm
domain:doubanio.com
domain:fanfou.com
domain:gracg.com
domain:hoopchina.com.cn
domain:hupu.com
domain:hupucdn.com
domain:ivwen.com
domain:jike.city
domain:jikecdn.com
domain:log.mix.sina.com.cn
domain:log.sina.cn
domain:log2.sina.cn
domain:maimai.cn
domain:meipian.cn
domain:meipian.me
domain:mixer.sina.cn
domain:okjike.com
domain:okjk.co
domain:p4p.sina.com.cn
domain:picself.cn
domain:procg.cn
domain:redelight.cn
domain:rs.sinajs.cn
domain:ruguoapp.com
domain:sa.sina.cn
domain:sbeacon.sina.com.cn
domain:sdkclick.mobile.sina.cn
domain:shihuo.cn
domain:sina.cn
domain:sina.com
domain:sina.com.cn
domain:sina.net
domain:sinaapp.com
domain:sinaedge.com
domain:sinaimg.cn
domain:sinaimg.com
domain:sinajs.cn
domain:sinajs.com
domain:slog.sina.cn
domain:slog.sina.com.cn
domain:t.cn
domain:taou.com
domain:tieba.baidu.com
domain:tieba.com
domain:videoself.cn
domain:wapwbclick.mobile.sina.cn
domain:wbclick.mobile.sina.cn
domain:wbimg.cn
domain:wbimg.com
domain:wcdn.cn
domain:weibo.cn
domain:weibo.com
domain:weibo.com.cn
domain:weibocdn.com
domain:weibopay.com
domain:xhaiwai.com
domain:xhscdn.com
domain:xhscdn.net
domain:xhslink.com
domain:xhsrcdn.com
domain:xiaohongshu.com
domain:zhihu-web-analytics.zhihu.com
domain:zhihu.com
domain:zhimg.com
domain:zsxq.com
