domain:56.com
domain:56img.com
domain:adnet.sohu.com
domain:ads.sohu.com
domain:adv-sv-show.focus.cn
domain:adv-sv-stat.focus.cn
domain:assp.sohu.com
domain:bdu.focus.cn
domain:binglianhuajianzhan.com
domain:focus-img.cn
domain:focus.cn
domain:fpb.sohu.com
domain:ggoplay.com
domain:ggowan.com
domain:go2map.com
domain:imp.go.sohu.com
domain:inte.sogou.com
domain:inte.sogoucdn.com
domain:itc.cn
domain:lu.sogou.com
domain:lu.sogoucdn.com
domain:m.aty.sohu.com
domain:p.aty.sohu.com
domain:pb.i.sogou.com
domain:pinyin.cn
domain:pv.hd.sohu.com
domain:pv.sohu.com
domain:qd.ink
domain:qpb.sohu.com
domain:qpb1.sohu.com
domain:reke.at.sohu.com
domain:sg.cn
domain:sgtmos.com
domain:sgyeyou.com
domain:sgyouxi.com
domain:sogo.com
domain:sogou-inc.com
domain:sogou-op.org
domain:sogou.cn
domain:sogou.com
domain:sogou.com.cn
domain:sogou.net
domain:sogoucdn.com
domain:sogoucdndl.com
domain:sogouimecdn.com
domain:sohu
domain:sohu.com
domain:sohucs.com
domain:soso.com
domain:soso.com.cn
domain:sososnap.com
domain:teemo.cn
domain:theta.sogoucdn.com
domain:track.sohu.com
domain:uranus.sogou.com
domain:wannianqingjianzhan.com
domain:wuliao.epro.sogou.com
domain:xiangrikuijianzhan.com
domain:xiangrikuisite.com
domain:xinyan.cn
domain:yeyousg.com
domain:yidianliulan.cn
domain:yidianliulan.com
domain:yuweikuijianzhan.com
