domain:bestincapi.com
domain:800best.net
domain:56laile.com
domain:youyiwms.com
domain:bestincapp.cn
domain:800bestapi.cn
domain:800bestapi.com
domain:800bestapp.cn
domain:800bestapp.com
domain:baishinetwork.com
domain:best-inc.com
domain:bestincapp.com
domain:bestdataclub.com
domain:bestincapi.cn
domain:800best.com
domain:800best.cn
domain:bestcrossborder.com
domain:linliyz.com
domain:qiancangwms.com
domain:qianyierp.com
domain:t1tms.com
domain:t8tms.com
domain:t9tms.com
domain:tnettms.com
domain:wangniuwms.com
domain:xinyuanfin.com
domain:youyierp.com
domain:youyitms.com
domain:800best.com.cn
