domain:airbnb.rs
domain:airbnb.gr
domain:airbnb.ae
domain:airbnb.al
domain:airbnb.am
domain:airbnb.at
domain:airbnb.az
domain:airbnb.ba
domain:airbnb.be
domain:airbnb.ca
domain:airbnb.cat
domain:airbnb.ch
domain:airbnb.cl
domain:airbnb.cn
domain:vamo.com
domain:muscache.com
domain:airbnb.travel
domain:airbnb.tools
domain:airbnb.si
domain:airbnb.se
domain:abb.travel
domain:airbnb.ru
domain:airbnb.dk
domain:accomable.com
domain:airbnb.no
domain:airbnb.pl
domain:airbnb.org
domain:airbnb.pt
domain:airbnb.nl
domain:airbnb.mx
domain:airbnb.me
domain:airbnb.lv
domain:airbnb.lu
domain:airbnb.lt
domain:airbnb.la
domain:airbnb.jp
domain:airbnb.it
domain:airbnb.is
domain:airbnb.ie
domain:airbnb.hu
domain:airbnb.gy
domain:airbnb.com
domain:airbnb.fr
domain:airbnb.fi
domain:airbnb.es
domain:airbnb.cz
domain:airbnb.de
domain:airbnb.co.uk
domain:airbnb.com.tw
domain:airbnb.com.ua
domain:airbnb.com.vn
domain:airbnb.com.tr
domain:airbnb.com.sv
domain:airbnb.com.sg
domain:airbnb.com.ro
domain:airbnb.com.py
domain:airbnb.com.ph
domain:airbnb.com.pe
domain:airbnb.com.pa
domain:airbnb.com.ni
domain:airbnb.com.my
domain:airbnb.com.mt
domain:airbnb.com.kh
domain:airbnb.com.hr
domain:airbnb.com.hn
domain:airbnb.com.hk
domain:airbnb.com.gt
domain:airbnb.com.ee
domain:airbnb.com.ec
domain:airbnb.com.co
domain:airbnb.com.bz
domain:airbnb.com.br
domain:airbnb.com.bo
domain:airbnb.com.au
domain:airbnb.com.ar
domain:airbnb.co.za
domain:airbnb.co.ve
domain:airbnb.co.nz
domain:airbnb.co.kr
domain:airbnb.co.in
domain:airbnb.co.il
domain:airbnb.co.id
domain:airbnb.co.cr
