domain:airwick.fi
domain:airwick.pl
domain:airwick.ca
domain:airwick.ch
domain:airwick.cl
domain:vipoo.es
domain:airwick.at
domain:airwick.us
domain:airwick.tv
domain:airwick.com
domain:airwick.sk
domain:airwick.fr
domain:airwick.se
domain:airwick.hr
domain:airwick.cz
domain:airwick.de
domain:airwick.dk
domain:airwick.es
domain:airwickarabia.com
domain:airwick.si
domain:airwick.ru
domain:airwick.hu
domain:airwick.ie
domain:airwick.it
domain:airwick.jp
domain:airwick.net
domain:airwick.nl
domain:airwick.no
domain:airwick.be
domain:airwick.pt
domain:airwick.ro
domain:airwick.com.tr
domain:airwick.com.mx
domain:airwick.com.br
domain:airwick.com.au
domain:airwick.co.za
domain:airwick.co.uk
domain:airwick.co.nz
domain:airwick.co.in
domain:airwick.com.cn
