domain:privilege.tw
domain:atnext.com
domain:tomonews.net
domain:appledaily.hk
domain:appledaily.com
domain:sharpdaily.tw
domain:twnextdigital.com
domain:bestmallawards.com
domain:applefruity.com
domain:privilege.hk
domain:next.hk
domain:omoplanet.com
domain:nextwork.tw
domain:nextwork.hk
domain:nextmgz.com
domain:nextmedia.com
domain:nextmedia.com.tw
domain:nextmag.com.tw
domain:nextplus.com.hk
domain:nexttv.com.tw
domain:nextwork.com.hk
domain:nextwork.com.tw
domain:nextfilm.com.hk
domain:nextdigital.com.tw
domain:nxtdig.com.hk
domain:nxtdig.com.tw
domain:nextdigital.com.hk
domain:eracom.com.tw
domain:deluxe.com.hk
domain:applehealth.com.hk
domain:appledaily.com.tw
domain:appledaily.com.hk
