domain:blogspot.nl
domain:blogspot.mx
domain:blogspot.ae
domain:blogspot.al
domain:blogspot.am
domain:blogspot.ba
domain:blogspot.be
domain:blogspot.bg
domain:blogspot.bj
domain:blogspot.ca
domain:blogspot.cf
domain:blogspot.ch
domain:blogspot.cl
domain:blogspot.vn
domain:blogspot.ug
domain:blogspot.dk
domain:blogspot.td
domain:blogspot.sn
domain:blogspot.sk
domain:blogspot.si
domain:blogspot.com
domain:blogspot.sg
domain:blogspot.se
domain:blogspot.ru
domain:blogspot.fi
domain:blogspot.ro
domain:blogspot.re
domain:blogspot.qa
domain:blogspot.pt
domain:blogspot.pe
domain:blogspot.no
domain:blogger.com
domain:blogspot.my
domain:blogblog.com
domain:blogspot.cv
domain:blogspot.cz
domain:blogspot.jp
domain:blogspot.tw
domain:blogspot.rs
domain:blogspot.fr
domain:blogspot.gr
domain:blogspot.hk
domain:blogspot.hr
domain:blogspot.hu
domain:blogspot.ie
domain:blogspot.in
domain:blogspot.is
domain:blogspot.it
domain:blogspot.de
domain:blogspot.kr
domain:blogspot.li
domain:blogspot.lt
domain:blogspot.lu
domain:blogspot.md
domain:blogspot.mk
domain:blogspot.com.tr
domain:blogspot.com.es
domain:blogspot.com.uy
domain:blogspot.com.ar
domain:blogspot.com.cy
domain:blogspot.com.eg
domain:blogspot.com.ee
domain:blogspot.com.au
domain:blogspot.com.co
domain:blogger.googleusercontent.com
domain:blogspot.com.ng
domain:blogspot.com.br
domain:blogspot.com.mt
domain:blogspot.co.za
domain:blogspot.co.uk
domain:blogspot.co.nz
domain:blogspot.co.ke
domain:blogspot.co.il
domain:blogspot.co.id
domain:blogspot.co.at
domain:blogspot.com.by
