domain:hongtastock.com
domain:99fund.com
domain:szse.cn
domain:zlfund.cn
domain:ajzq.com
domain:avicsec.com
domain:ccnew.com
domain:cczq.com
domain:cczq.net
domain:lufunds.com
domain:cfzq.com
domain:cgws.com
domain:chinalions.com
domain:howbuy.com
domain:cicc.com
domain:ciccwm.com
domain:bosera.com
domain:cjsc.com
domain:cnhbstock.com
domain:fund123.cn
domain:5ifund.com
domain:csfounder.com
domain:ctsec.com
domain:zofund.com
domain:dfham.com
domain:zhfund.com
domain:hongdefund.com
domain:xqfunds.com
domain:xf-fund.com
domain:dxzq.net
domain:ubssdic.com
domain:tongtaiamc.com
domain:swsmu.com
domain:fcsc.cn
domain:fzfinancing.com
domain:py-axa.com
domain:ghsl.cn
domain:orient-fund.com
domain:ocfund.cn
domain:nffund.com
domain:mfcteda.com
domain:grzq.com
domain:gsgh.cn
domain:gszq.com
domain:gtja.com
domain:guodu.com
domain:jtamc.com
domain:jsfund.cn
domain:hazq.com
domain:hczq.com
domain:igwfmc.com
domain:hlzqgs.com
domain:cindasc.com
domain:sseinfo.com
domain:ydamc.com
domain:htsec.com
domain:huajingsec.com
domain:huajinsc.cn
domain:huayingsc.com
domain:hftfund.com
domain:hxzq.cn
domain:hffunds.cn
domain:iztzq.com
domain:gowinamc.com
domain:jpmorganchina.com
domain:jyzq.cn
domain:jzsec.com
domain:kysec.cn
domain:lczq.com
domain:lhzq.com
domain:gfund.com
domain:morganstanleyhuaxin.com
domain:mszq.com
domain:nesc.cn
domain:galaxyasset.com
domain:nomuraoi-sec.com
domain:shgsec.com
domain:shhxzq.com
domain:shzq.com
domain:ftfund.com
domain:swhysc.com
domain:fsfund.com
domain:founderff.com
domain:tfzq.com
domain:tpyzq.com
domain:vanho.cn
domain:west95582.com
domain:foresightfund.com
domain:wlzq.cn
domain:wxzq.com
domain:xcsc.com
domain:xsdzq.cn
domain:fadfunds.com
domain:ctfund.com
domain:ykzq.com
domain:ytzq.com
domain:cryuantafund.com
domain:zszq.com
domain:ztfsec.com
domain:changanfunds.com
domain:hsfund.com
domain:abc-ca.com
domain:avicfund.cn
domain:bdfund.cn
domain:bobbns.com
domain:cfund108.com
domain:gkzq.com.cn
domain:ccfund.com.cn
domain:boscam.com.cn
domain:zts.com.cn
domain:chinanature.com.cn
domain:cib-fund.com.cn
domain:zdzq.com.cn
domain:ydsc.com.cn
domain:dbfund.com.cn
domain:efunds.com.cn
domain:xyzq.com.cn
domain:wkzq.com.cn
domain:tebon.com.cn
domain:swsc.com.cn
domain:stocke.com.cn
domain:fullgoal.com.cn
domain:furamc.com.cn
domain:njzq.com.cn
domain:gefund.com.cn
domain:gffunds.com.cn
domain:longone.com.cn
domain:jhzq.com.cn
domain:i618.com.cn
domain:hx168.com.cn
domain:htsc.com.cn
domain:hrsec.com.cn
domain:huaan.com.cn
domain:hfzq.com.cn
domain:gyzq.com.cn
domain:guosen.com.cn
domain:glsc.com.cn
domain:msjyfund.com.cn
domain:sse.com.cn
domain:gjzq.com.cn
domain:ghzq.com.cn
domain:phfund.com.cn
domain:postfund.com.cn
domain:gf.com.cn
domain:ewww.com.cn
domain:taipingfund.com.cn
domain:thfund.com.cn
domain:essence.com.cn
domain:easec.com.cn
domain:dwjq.com.cn
domain:dtsbc.com.cn
domain:dgzq.com.cn
domain:yhfund.com.cn
domain:dfzq.com.cn
domain:daton.com.cn
domain:csco.com.cn
domain:cnht.com.cn
domain:chinastock.com.cn
domain:cfsc.com.cn
domain:cninfo.com.cn
domain:hsbc.com.cn
domain:hsbcqh.com.cn
domain:hsbcinsurance.com.cn
