full:plex.llon.net
full:emby.nexitally.com
full:emby.cjpc.cc
full:emby.flowercloud.yt
full:emby.maying.club
full:emby.mdss.cloud
full:emby.ytoo.li
full:embyserver.ga
full:emby.prprcloud.com
full:emby.nyancat.net
full:emby.plusmedia.site
full:emby-cf.plusmedia.site
full:emby.xeton.dev
full:jellyfin.xeton.dev
full:movie.xeton.dev
full:servers.xeton.dev
full:emby.otakudrive.life
full:emby2.otakudrive.life
full:agahk1.jmsooo.com
full:agasg1.jmsooo.com
full:agajp1.jmsooo.com
full:aws.jmsooo.com
full:ntt1.jmsooo.com
full:hinet.jmsooo.com
full:cf1.jmsooo.com
full:pornemby.club
full:emby.immtel.com
full:cf.odysseyplus.site
full:agahk.odysseyplus.site
full:agasg.odysseyplus.site
full:ru.odysseyplus.site
full:line.emby.men
full:emby.run
full:emby.plusmedia.site
full:emby-sg.plusmedia.site
full:emby-cf.plusmedia.site
full:emby.xeton.dev
full:jellyfin.xeton.dev
full:movie.xeton.dev
full:servers.xeton.dev
full:embyserver.ga
full:jmsooo.com
full:cf.jmsooo.com
full:hk.jmsooo.com
full:sg.jmsooo.com
full:emby.wtf
full:pub1back.emby.wtf
full:pub2back.emby.wtf
full:pub3back.emby.wtf
full:pub1.emby.wtf
full:pub2.emby.wtf
full:pub3.emby.wtf
full:embyclub.com
full:az-hk.embyclub.com
full:azsgp.embyclub.com
full:play.charontv.com
full:emby.p-p.men
full:emby.aiyowei.ml
full:cc.ccemby.tk
domain:mius.uk
domain:nvidia.rip
domain:poloemby.xyz
domain:yunti.online
domain:embyplus.club
domain:404.sb
domain:4545.cf
domain:blueseacdn.com
domain:emby.ml
domain:loseremby.org
domain:plex.direct
domain:texon.fans
domain:ju.dog
domain:123456.al
domain:sfcj.org
domain:hongxingyunmovie.vip
domain:pololine.ml
domain:misakaf.org
domain:gfwemby.org
domain:nebula-emby.com
domain:feverss.cloud
domain:stream.synn.cc
domain:media-1.co.uk
domain:sptv.ii00.cc
domain:sgtv.ii00.cc
domain:cn-music.mefun.vip
domain:server2.cn2gias.uk
domain:emby1.69yun69.com
domain:singularity.deja-vu.beauty
domain:stream.ntrrr.top
