full:ctdsb.clouddiffuse.xyz
domain:sohu
domain:xhby.net
domain:thecover.cn
domain:anhuiyun.com
domain:anzhuo.cn
domain:bianews.com
domain:cailianpress.com
domain:cls.cn
domain:caixin.com
domain:cankaoxiaoxi.com
domain:ckxx.net
domain:chinaaet.com
domain:chinabyte.com
domain:tmtsmartrun.com
domain:tianjimedia.com
domain:yesky.com
domain:tmtsmartlife.com
domain:tivitv.com
domain:checkzeit.com
domain:cnfol.com
domain:cnfolimg.com
domain:cnr.cn
domain:cnstock.com
domain:cqcb.com
domain:cqhlw.cn
domain:cqliving.com
domain:cqnews.net
domain:cqsjb.com
domain:72whys.com
domain:chaindd.com
domain:ctdsb.net
domain:ctoutiao.com
domain:cyol.com
domain:cyol.net
domain:cyzone.cn
domain:cztv.com
domain:cztvcdn.com
domain:cztvcloud.com
domain:zjstv.com
domain:daheapp.com
domain:dahebao.cn
domain:dutenews.com
domain:tmtpost.com
domain:sogoucdn.com
domain:yundzh.com
domain:dgtle.com
domain:donews.com
domain:dzng.com
domain:dzwww.com
domain:eastday.com
domain:yeyousg.com
domain:expreview.com
domain:freebuf.com
domain:geekpark.net
domain:gmw.com
domain:guancha.cn
domain:guigu.org
domain:0033.cn
domain:xinyan.cn
domain:hexin.cn
domain:xiangrikuisite.com
domain:ths123.com
domain:thsi.cn
domain:hexun.com
domain:hntv.tv
domain:hndt.com
domain:dianzhenkeji.com
domain:huanqiu.com
domain:huanqiucdn.cn
domain:huxiu.com
domain:huxiucdn.com
domain:icpcw.com
domain:icswb.com
domain:idcquan.com
domain:ikanchai.com
domain:iresearch.cn
domain:it168.com
domain:jianyuweb.com
domain:wallstcn.com
domain:wallstreetcn.com
domain:jin10.com
domain:jfdaily.com
domain:shobserver.com
domain:xiangrikuijianzhan.com
domain:jiqizhixin.com
domain:wannianqingjianzhan.com
domain:jrjimg.cn
domain:jsbc.com
domain:jstv.com
domain:teemo.cn
domain:jxpp.com
domain:jztvnews.com
domain:kankanews.com
domain:kankannews.com
domain:kksmg.com
domain:statickksmg.com
domain:knewsmart.com
domain:latepost.com
domain:leikeji.com
domain:leiphone.com
domain:miercn.com
domain:mydrivers.com
domain:nanyuenews.com
domain:sososnap.com
domain:ycwb.com
domain:news.cn
domain:xinhuanet.com
domain:xinhuaxmt.com
domain:ofweek.com
domain:pchome.net
domain:pchpic.net
domain:3conline.com
domain:yidianliulan.com
domain:soso.com
domain:sogou-op.org
domain:pcpop.com
domain:pdnews.cn
domain:people.cn
domain:sogou-inc.com
domain:peopleapp.com
domain:pingwest.com
domain:qbitai.com
domain:qiluyidian.net
domain:ql1d.com
domain:qingdaonews.com
domain:qianzhan.com
domain:qingdaochina.org
domain:scsjb.cn
domain:secrss.com
domain:sfccn.com
domain:shangyexinzhi.com
domain:solidot.org
domain:sootoo.com
domain:southcn.com
domain:southmoney.com
domain:sspai.com
domain:ssajax.cn
domain:ssimg.cn
domain:stockstar.com
domain:stcn.com
domain:sznews.com
domain:szpgm.com
domain:takungpao.com
domain:sogouimecdn.com
domain:techwalker.com
domain:sg.cn
domain:thepaper.cn
domain:8531.cn
domain:ggoplay.com
domain:woshipm.com
domain:21jingji.com
domain:focus.cn
domain:anhuinews.com
domain:yuweikuijianzhan.com
domain:yicai.com
domain:yzwb.net
domain:zealer.com
domain:zhichanli.com
domain:zhiding.cn
domain:sogou.net
domain:sogou.com
domain:zqrb.cn
domain:36dianping.com
domain:36kr.com
domain:36krcdn.com
domain:36krcnd.com
domain:fengcx.com
domain:ifeng.com
domain:ifengimg.com
domain:phoenixcenter.cn
domain:fengedu.com
domain:ifengweekly.com
domain:6655.com
domain:cooldock.com
domain:ithome.com
domain:lapin365.com
domain:ruanmei.com
domain:saayaa.com
domain:win7china.com
domain:win8china.com
domain:zuihuimai.com
domain:icntvcdn.com
domain:cctvpro.cn
domain:cctvlib.cn
domain:cctv.cn
domain:cctvlibrary.cn
domain:ipanda.com
domain:cctvpic.com
domain:ipanda.cn
domain:zggbdszt.cn
domain:chinaepg.cn
domain:chinalive.com
domain:chinaott.com
domain:yangshipin.cn
domain:xn--kprv4ewxfr9cpxcc7joo6apn8a.xn--fiqs8s
domain:cntv.cn
domain:xn--kprv4ewxfr9cpxcc7joo6apn8a.cn
domain:cntvwb.cn
domain:gjgbdszt.cn
domain:xn--fiq53l90et9fpncc7joo6apn8a.cn
domain:xn--fiq53l6wcx3kp9bc7joo6apn8a.xn--fiqs8s
domain:xn--fiq53l6wcx3kp9bc7joo6apn8a.cn
domain:cctv.com
domain:tvcc.cn
domain:ottcn.com
domain:ipanda.net
domain:livechina.cn
domain:livechina.com
domain:olympicchannelchina.cn
domain:sogou.cn
domain:sogo.com
domain:sgyouxi.com
domain:sgyeyou.com
domain:sgtmos.com
domain:binglianhuajianzhan.com
domain:qd.ink
domain:pinyin.cn
domain:go2map.com
domain:ggowan.com
domain:yidianliulan.cn
domain:sogoucdndl.com
domain:56img.com
domain:jiemian.com
domain:56.com
domain:aiganggu.com
domain:danjuanfunds.com
domain:imedao.com
domain:snowballsecurities.com
domain:xueqiu.com
domain:ynet.cn
domain:ynet.com
domain:sohucs.com
domain:chinanews.com
domain:ecns.cn
domain:inewsweek.cn
domain:sohu.com
domain:itc.cn
domain:feng.com
domain:fengimg.com
domain:weiphone.net
domain:wfdata.club
domain:coolbuy.com
domain:ifanr.cn
domain:ifanr.com
domain:ifanr.in
domain:ifanrusercontent.com
domain:ifanrx.com
domain:minapp.com
domain:lancdn.com
domain:landiannews.com
domain:landian.vip
domain:landian.xyz
domain:ourl.co
domain:wsoso.com
domain:admin5.com
domain:focus-img.cn
domain:xilu.com
domain:bbtnews.com.cn
domain:techweb.com.cn
domain:ynet.com.cn
domain:cns.com.cn
domain:zygbdszt.net.cn
domain:zggbdszt.net.cn
domain:zggbdszt.com.cn
domain:cnms.net.cn
domain:citv.net.cn
domain:cctvpro.com.cn
domain:cntv.com.cn
domain:ipanda.com.cn
domain:gjgbdszt.net.cn
domain:cctvlib.com.cn
domain:tvcc.com.cn
domain:xkb.com.cn
domain:gjgbdszt.com.cn
domain:pconline.com.cn
domain:zol-img.com.cn
domain:neweekly.com.cn
domain:tidenews.com.cn
domain:people.com.cn
domain:jiemian.com.cn
domain:chinanews.com.cn
domain:zol.com.cn
domain:pchouse.com.cn
domain:pcauto.com.cn
domain:nbd.com.cn
domain:jxnews.com.cn
domain:jrj.com.cn
domain:jinantimes.com.cn
domain:hexin.com.cn
domain:10jqka.com.cn
domain:eeo.com.cn
domain:gw.com.cn
domain:soso.com.cn
domain:sogou.com.cn
domain:dzh.com.cn
domain:cs.com.cn
domain:cqn.com.cn
domain:chinadevelopment.com.cn
domain:cfgw.net.cn
domain:caijing.com.cn
domain:cctvlibrary.com.cn
domain:tigeek.net.cn
domain:ad.cctv.com
domain:adnet.sohu.com
domain:ads.sohu.com
domain:adv-sv-show.focus.cn
domain:adv-sv-stat.focus.cn
domain:assp.sohu.com
domain:bdu.focus.cn
domain:fpb.sohu.com
domain:imp.go.sohu.com
domain:m.aty.sohu.com
domain:p.aty.sohu.com
domain:pv.hd.sohu.com
domain:pv.sohu.com
domain:qpb.sohu.com
domain:qpb1.sohu.com
domain:reke.at.sohu.com
domain:track.sohu.com
domain:inte.sogou.com
domain:inte.sogoucdn.com
domain:lu.sogou.com
domain:lu.sogoucdn.com
domain:pb.i.sogou.com
domain:theta.sogoucdn.com
domain:uranus.sogou.com
domain:wuliao.epro.sogou.com
