domain:funjsq.com
domain:guaiku.com
domain:leigodjsq.com
domain:xxghh.biz
domain:leigod.com
domain:ls66.cn
domain:nnbooster.com
domain:nn.com
domain:waifushangcheng.com
domain:tmjiasuqi.com
domain:99jiasu.net
domain:xunyou.com
domain:xunyou.mobi
domain:bohejiasuqi.com
domain:biubiu001.com
domain:golink.com
domain:golinkapi.com
domain:qiyou.cn
domain:steampp.net
domain:rmbgame.net
domain:steam302.xyz
domain:benfuip.com
domain:leigod.cn
domain:gangwan.com
domain:golinkcn.com
domain:htjsq.com
domain:htjsq.mobi
domain:fhyx.com
domain:akspeedy.com
domain:yebaojiasu.com
domain:liuxing.com
domain:lxjiasu.com
domain:ggkuai.com
domain:ccspeed.cn
domain:yuelun.com
domain:gijsq.com
domain:kk1.vip
domain:3dmjiasu.com
domain:fnjiasu.com
domain:lorhf.com
domain:oojsq.com
domain:et001.com
domain:et-api.com
domain:jiasu.bohe.com
domain:uu.163.com
