domain:tuncommercialbank.com
domain:nptsibinbank.com
domain:agdbank.com
domain:ayabank.com
domain:ysx-mm.com
domain:yomabank.com
domain:ablmm.com
domain:shwebank.com
domain:mmtourismbank.com
domain:kbzbank.com
domain:kbzpay.com
domain:mabbank.com
domain:mwdbank.com
domain:mdbankpublic.com
domain:mobmyanmar.com
domain:firstprivatebank.com.mm
domain:mmbbank.com.mm
domain:mmftb.gov.mm
domain:mminsurance.gov.mm
domain:micb.gov.mm
domain:meb.gov.mm
domain:mcb.com.mm
domain:gbank.com.mm
domain:abank.com.mm
domain:smedevelopmentbank.com.mm
domain:chid.com.mm
domain:uab.com.mm
domain:waveomoney.com.mm
domain:cbm.com.mm
domain:cbbank.com.mm
