domain:gov.ir
domain:president.ir
domain:adliran.ir
domain:bia-judiciary.ir
domain:hadafmandi.ir
domain:dadiran.ir
domain:dadsara.ir
domain:dadsetani.ir
domain:divan-edalat.ir
domain:dmk.ir
domain:doe.ir
domain:intamedia.ir
domain:eadl.ir
domain:enamad.ir
domain:bazresi.ir
domain:shora-gc.ir
domain:dolat.ir
domain:irimo.ir
domain:moi.ir
domain:mporg.ir
domain:parliran.ir
domain:post.ir
domain:agrieng.org
domain:refahi.ir
domain:sahamedalat.ir
domain:samandehi.ir
domain:samanese.ir
domain:sccr.ir
domain:budget.imo.org.ir
