domain:ssreader.cn
domain:dayainfo.com
domain:aichaoxing.com
domain:16q.cn
domain:chaoxing.com
domain:chaoxingv.com
domain:cxbiji.com
domain:zhihang100.com
domain:hongbo100.com
domain:lnlib.net
domain:mndqlib.net
domain:mti100.com
domain:nihaoafrica.org
domain:ssvideo.cn
domain:sslawy.com
domain:sslibrary.com
domain:chaoxing.cc
domain:5read.com
domain:nihaorwanda.cn
domain:zaifan.com
domain:ylike.net
domain:superlib.com
domain:superlib.net
domain:uonline-sh.com
domain:uonline-sh.net
domain:xuexi365.com
domain:xxtmail.com
domain:xuexi365.net
domain:xuexi365.com.cn
domain:study360.com.cn
domain:ssvideo.com.cn
domain:zaifan.com.cn
domain:ssreader.com.cn
