domain:cmcc-cs.cn
domain:cmread.com
domain:10086.cn
domain:chinamobileltd.com
domain:online-cmcc.cn
domain:cmvideo.cn
domain:migu.cn
domain:andfx.cn
domain:migufun.com
domain:miguvideo.com
domain:mmarket6.com
domain:cmpay.com
domain:chinamobile.com
domain:139.com
domain:migucloud.com
domain:andfx.net
domain:cmicapm.com
domain:cmicrwx.cn
domain:cmicvip.cn
domain:cmpassport.com
domain:mmarket.com
domain:fetion-portal.com
domain:fetionpic.com
domain:cytxl.com.cn
domain:cmft.com.cn
domain:speedtest.hk.chinamobile.com
domain:speedtestbb.hk.chinamobile.com
