full:dell.my.site.com
domain:dell
domain:dell.ng
domain:delltechnologiescapital.com
domain:alienware.be
domain:alienware.biz
domain:alienware.ca
domain:alienware.ch
domain:vce.com
domain:studiodell.com
domain:solutionstation.com
domain:shopalienware.com
domain:emc.com
domain:alienware.com
domain:earthdell.com
domain:delltechnologiesworld.com
domain:delltechnologies.com
domain:delltechcenter.com
domain:alienware.cz
domain:alienware.de
domain:alienware.dk
domain:alienware.es
domain:alienware.eu
domain:dellsupportcenter.com
domain:alienware.gr
domain:alienware.hk
domain:alienware.ie
domain:alienware.it
domain:alienware.jp
domain:alienware.kr
domain:alienware.lv
domain:alienware.net
domain:alienware.nl
domain:alienware.ph
domain:alienware.pl
domain:alienware.ps
domain:alienware.ro
domain:alienware.se
domain:alienware.us
domain:del.com
domain:dellprinter.com
domain:dell.ac
domain:dell.am
domain:dell.at
domain:dell.az
domain:dell.be
domain:dell.bg
domain:dell.bi
domain:dell.bs
domain:dell.by
domain:dell.ca
domain:dell.cd
domain:dell.cg
domain:dell.ch
domain:dell.cl
domain:dellprecision.com
domain:dellpowersolutions.com
domain:dellpoweredge.com
domain:delloutlet.com
domain:dellemcevents.com
domain:dellemc.com
domain:delldrivers.com
domain:delldesignsystem.com
domain:dellcustomerservice.com
domain:dellcomunidade.com
domain:dellcommunity.com
domain:dellcdn.com
domain:dell.com
domain:dataframeworks.com
domain:dell.vn
domain:dell.vg
domain:dell.uz
domain:dell.ug
domain:dell.ua
domain:dell.tv
domain:dell.tt
domain:dell.tm
domain:dell.tj
domain:dell.tc
domain:dell.sn
domain:dell.sk
domain:dell.si
domain:dell.sg
domain:dell.se
domain:dell.sc
domain:dell.rw
domain:dell.ru
domain:dell.ro
domain:dell.pt
domain:dell.ps
domain:dell.pl
domain:dell.ph
domain:dell.no
domain:dell.nl
domain:alienware.ae
domain:dell.net
domain:dell.mw
domain:dell.mu
domain:dell.mq
domain:dell.ma
domain:dell.ly
domain:dell.lv
domain:dell.lu
domain:alienware.fr
domain:alienware.at
domain:dell.lt
domain:dell.kz
domain:dell.kn
domain:dell.kg
domain:dell.jp
domain:dell.it
domain:dell.is
domain:dell.ie
domain:dell.id
domain:dell.hu
domain:dell.hr
domain:dell.gr
domain:dell.gp
domain:dell.gm
domain:dell.fr
domain:dell.cz
domain:dell.de
domain:dell.dk
domain:dell.dm
domain:dell.ee
domain:dell.es
domain:dell.eu
domain:dell.fi
domain:alienware.co.nz
domain:dell.com.gr
domain:dell.com.vc
domain:dell.com.uy
domain:dell.com.ua
domain:dell.com.tw
domain:dell.com.tt
domain:dell.com.tr
domain:dell.com.tc
domain:dell.com.sg
domain:dell.com.sa
domain:dell.com.ru
domain:dell.com.py
domain:dell.com.pr
domain:dell.com.pl
domain:dell.com.vi
domain:dell.com.pa
domain:dell.com.ni
domain:dell.com.ng
domain:dell.com.na
domain:dell.com.my
domain:dell.com.mx
domain:dell.com.mt
domain:dell.com.mk
domain:dell.com.ly
domain:dell.com.lc
domain:dell.org.il
domain:dell.com.ky
domain:dell.com.kn
domain:dell.com.jm
domain:dell.com.ht
domain:dell.com.hr
domain:dell.com.hn
domain:dell.com.hk
domain:dell.com.gy
domain:dell.com.pe
domain:dell.com.au
domain:dell.com.ve
domain:dell.com.ai
domain:dell.com.dm
domain:dell.com.cy
domain:dell.com.co
domain:dell.com.bz
domain:dell.com.bs
domain:dell.com.br
domain:dell.com.bo
domain:dell.com.bb
domain:dell.com.gt
domain:dell.com.ar
domain:dell.com.do
domain:dell.com.ag
domain:dell.co.za
domain:dell.co.vi
domain:dell.co.uk
domain:dell.co.tt
domain:dell.co.th
domain:dell.co.nz
domain:dell.co.mu
domain:dell.co.kr
domain:dell.co.jp
domain:dell.co.in
domain:dell.co.il
domain:dell.co.id
domain:dell.com.ec
domain:dell.com.ph
domain:alienware.com.sg
domain:alienware.com.my
domain:dell.com.pk
domain:alienware.com.es
domain:alienware.com.au
domain:alienware.co.uk
domain:del.com.br
domain:alienware.co.in
domain:alienware.co.il
domain:alienware.co.cr
domain:dell-brand.com
domain:dell.com.cn
domain:dell-alw.com
domain:dellemc.com.cn
domain:dellmobile.cn
domain:delltechnologies.com.cn
domain:platform.dell.com
full:afcs.dell.com
full:clientperipherals.dell.com
full:customization-cdn.dell.com
full:dds.dell.com
full:dl.dell.com
full:ea2cn-dev-outlet.dell.com
full:ea2cn-prod-outlet.dell.com
full:ea2cn-staging-outlet.dell.com
full:fcs.dell.com
full:fta.dell.com
full:ftaapj.dell.com
full:ftaemea.dell.com
full:ftasitapj.dell.com
full:gbxgateway-dev.dell.com
full:gbxgateway.dell.com
full:i.dell.com
full:nexus.dell.com
full:p.cdn.persaas.dell.com
full:scene7-cdn.dell.com
full:si.cdn.dell.com
full:sm.dell.com
full:snp.cdn.dell.com
full:snpi.dell.com
full:supportassist.dell.com
full:www-csb.dell.com
full:www.dell.com
