domain:giftatdw.cn
domain:dewu.co
domain:dewu-inner.net
domain:dwhhd.com
domain:dewu.com
domain:dewu.net
domain:dewuapp.cn
domain:dewucdn.com
domain:dewuhaowu.cn
domain:dewuhd.cn
domain:dwhhd.cn
domain:dewuhui.cn
domain:dewu-inc.com
domain:dewumall.com
domain:dewus.cn
domain:dewuyouhui.cn
domain:dewuyouhui.com
domain:du8.ltd
domain:dw2.co
domain:dw4.co
domain:dewuhd.com
domain:dewu-inner.com
domain:dewuhui.com
domain:giftatdw.com
domain:giftattoday.com
domain:growthsharebounce.cn
domain:growthsharequestion.cn
domain:growthsharetubular.cn
domain:pandarzli.com
domain:pengyoudewu.cn
domain:pengyoudewu.com
domain:poizon-inner.com
domain:poizon-inner.net
domain:poizon-support.com
domain:poizon.com
domain:poizon.net
domain:shizhuang-inc.com
domain:shizhuang-inc.net
domain:theduapp.cn
domain:theduapp.com
domain:womendedw.com
domain:wodehaodewu.cn
domain:womendedw.cn
domain:theduapp.com.cn
domain:thepoizon.ru
