full:espn.api.edge.bamgrid.com
full:espn.hb.omtrdc.net
full:espndotcom.tt.omtrdc.net
domain:thisispolaris.com
domain:bamgrid.com
domain:disney.bg
domain:disney.ca
domain:disney.ch
domain:hotstarext.com
domain:hotstar-labs.com
domain:hotstar-cdn.net
domain:hotstar.com
domain:watchespn.com
domain:espnqa.com
domain:disney.com
domain:espncdn.com
domain:espn.net
domain:espn.com
domain:dtci.technology
domain:disney.cz
domain:disney.de
domain:disney.dk
domain:disney.es
domain:disney.fi
domain:disney.fr
domain:disney.gr
domain:disney.hu
domain:disney.id
domain:disney.in
domain:disney.io
domain:disney.it
domain:disney.my
domain:disney.nl
domain:disney.no
domain:disney.ph
domain:disney.pl
domain:disney.pt
domain:disney.ro
domain:disney.ru
domain:disney.se
domain:disney.sg
domain:dtci.co
domain:dmed.technology
domain:20thcenturystudios.jp
domain:adventuresbydisney.com
domain:babble.com
domain:babyzone.com
domain:disneymagicmomentsme.com
domain:dilcdn.com
domain:disney-asia.com
domain:disney-discount.com
domain:disney-plus.net
domain:edgedatg.com
domain:disney-studio.com
domain:disney-studio.net
domain:disneyadsales.com
domain:disneymagicmoments.pl
domain:disneyaulani.com
domain:disneybaby.com
domain:disneycareers.com
domain:disneychannelonstage.com
domain:disneychannelroadtrip.com
domain:disneycruisebrasil.com
domain:disneyenconcert.com
domain:disneyiejobs.com
domain:disneyinflight.com
domain:disneyinternational.com
domain:disneyinternationalhd.com
domain:disneyjunior.com
domain:disneyjuniortreataday.com
domain:disneylatino.com
domain:abc.com
domain:abc-studios.com
domain:starplus.com
domain:disneymagicmoments.de
domain:disneymagicmoments.es
domain:disneymagicmoments.fr
domain:starott.com
domain:disneymagicmoments.gr
domain:disneymagicmoments.it
domain:disneyarena.com
domain:disney.be
domain:disneysrivieraresort.com
domain:disneymeetingsandevents.com
domain:disneymovieinsiders.com
domain:disneymusicpromotion.com
domain:disneynewseries.com
domain:disneynow.com
domain:disneypeoplesurveys.com
domain:ngeo.com
domain:disneyplus.com
domain:nationalgeographicpartners.com
domain:disneyredirects.com
domain:disneyme.com
domain:disneystore.com
domain:disneystreaming.com
domain:disneysubscription.com
domain:nationalgeographic.com
domain:natgeomaps.com
domain:disneytvajobs.com
domain:disneyworld-go.com
domain:dssott.com
domain:go-disneyworldgo.com
domain:go.com
domain:mickey.tv
domain:moviesanywhere.com
domain:nomadlandmovie.ch
domain:playmation.com
domain:shopdisney.com
domain:shops-disney.com
domain:sorcerersarena.com
domain:spaindisney.com
domain:star-brasil.com
domain:star-latam.com
domain:starwars.com
domain:starwarsgalacticstarcruiser.com
domain:starwarskids.com
domain:streamingdisney.net
domain:thestationbymaker.com
domain:disney.asia
domain:watchdisneyfe.com
domain:marvel.com
domain:marvel10thanniversary.com
domain:marveldimensionofheroes.com
domain:marvelparty.net
domain:marvelpinball.com
domain:marvelsdoubleagent.com
domain:marvelspotlightplays.com
domain:marvelsuperheroseptember.com
domain:marvelsuperwar.com
domain:themarvelexperiencetour.com
domain:disney.co.uk
domain:disney.com.au
domain:disney.co.il
domain:20thcenturystudios.com.br
domain:disneymagicmoments.gen.tr
domain:disneymagicmoments.co.za
domain:disneytickets.co.uk
domain:disney.co.kr
domain:disney.co.th
domain:espn.co.uk
domain:20thcenturystudios.com.au
domain:disneymagicmoments.co.il
domain:hsprepack.akamaized.net
domain:disney.co.jp
domain:disney.com.br
domain:disneymagicmoments.co.uk
domain:disney.com.tw
domain:disney.com.hk
domain:disneyplus.bn5x.net
domain:beautyandthebeastmusical.co.uk
domain:disney.co.za
domain:disneyturkiye.com.tr
domain:disney-portal.my.onetrust.com
domain:disneyplus.com.ssl.sc.omtrdc.net
regexp:^hses[1-7]?\.akamaized\.net$
full:disney.my.sentry.io
