domain:butterfly-static.cn
domain:butterflyai.cn
domain:coze-dns-01.com
domain:coze.cn
domain:coze.email
domain:coze.site
domain:cozeapp.net
domain:cozebaas.cn
domain:cozebuild.com
domain:cozecdn.com
domain:cozedeploy.com
domain:cozefn.cn
domain:cozeide.cn
domain:cozesdk.com
domain:cozetest.cn
domain:cozetest2.cn
domain:cozetest3.cn
domain:dbbuilding.fun
domain:building.fun
domain:instreet.com
domain:doubao-dev.com
domain:doubao.com
domain:doubaocdn.com
domain:hi-butterfly.cn
domain:maoxiangai.com
domain:myparallelstory.com
domain:oceancloudapi.com
domain:obriccloud.com
domain:obricclouddw.com
domain:picpic-ai.cn
domain:pixeldance.com
domain:api-building.fun
