domain:duckduckgo.in
domain:ddg.co
domain:cometotheduckside.com
domain:duckduckgo.dk
domain:ddg.gg
domain:ddh.gg
domain:dgg.gg
domain:dontbubble.us
domain:donttrack.us
domain:duck.ai
domain:duckduckgo.de
domain:duck.com
domain:cispaletter.com
domain:duckduckco.de
domain:duckduckgo.ca
domain:duckduckgo.co
domain:spreadprivacy.com
domain:duckduckgo.com
domain:privatebrowsingmyths.com
domain:privacysimplified.com
domain:duck.co
domain:cispaletter.org
domain:duckduckco.com
domain:duckduckgo.jp
domain:duckduckgo.ke
domain:duckduckgo.mx
domain:duckduckgo.nl
domain:duckduckgo.org
domain:duckduckgo.pl
domain:duckduckgo.sg
domain:duckduckgo.uk
domain:duckduckhack.com
domain:duckgo.com
domain:ducksear.ch
domain:duckside.com
domain:dukgo.com
domain:enteentegeh.de
domain:fixtracking.com
domain:goduckgo.com
domain:hacksear.ch
domain:justduckit.com
domain:duckduckgo.com.tw
domain:duckduckgo.com.mx
domain:duckduckgo.co.uk
