domain:enfagrow4.com
domain:nutramigen.pl
domain:nutramigen.net
domain:enfaaplus.com
domain:enfababy.com
domain:enfabebe.com
domain:enspireformula.com
domain:enfasmart.com
domain:enfamil.pt
domain:enfamil.pl
domain:enfamil.es
domain:enfamil.com
domain:enfamil.ca
domain:enfagrow.co.in
domain:enfabebe.com.ve
domain:enfagrow.com.bn
domain:enfagrow.com.my
domain:enfagrow.com.ph
domain:enfagrow.com.sg
domain:enfabebe3.com.ar
domain:enfamama.com.ar
domain:enfamama.com.ph
domain:bebepremium3.com.bo
domain:enfabebe.com.pe
domain:enfabebe.com.mx
domain:enfabebe.com.ec
domain:enfabebe.com.do
domain:enfabebe.com.co
domain:enfabebe.com.br
domain:enfa.com.vn
domain:enfa.co.id
