domain:globalsign.es
domain:globalsign-media.com
domain:globalsign.ch
domain:globalsign.cloud
domain:globalsign.nl
domain:globalsign.net
domain:globalsign.be
domain:globalsign.fr
domain:globalsign.eu
domain:globalsign.com.br
domain:globalsign.com.sg
domain:globalsign.com.hk
domain:globalsign.com.au
domain:globalsign.co.uk
domain:alphassl.com
domain:easy-signing.com
domain:globalsign.cn
domain:globalsign.com
domain:globalsigncdn.com
full:cdn.globalsigncdn.com.cdn.cloudflare.net
full:crl.globalsign.net
