domain:gmo
domain:kaipoke.jp
domain:gmosign.com
domain:adam.jp
domain:alive-project.com
domain:animary.jp
domain:atokara.jp
domain:banksy.tokyo
domain:brantect.com
domain:cashmart.jp
domain:chintaidx.com
domain:click-sec.com
domain:cloudec.jp
domain:coeteco.jp
domain:colleee.net
domain:colorme-repeat.jp
domain:conoha.jp
domain:coreserver.jp
domain:decopri.net
domain:dentry.jp
domain:e-estate.jp
domain:ekiten.jp
domain:epsilon.jp
domain:fanspot.jp
domain:fincode.jp
domain:find-a.jp
domain:flatt.tech
domain:fulloutsourcing.jp
domain:gaikaex.com
domain:gesoten.com
domain:get.shop
domain:gmo-aozora.com
domain:gmo-app.jp
domain:gmo-c.jp
domain:gmo-clinic-map.com
domain:gmo-connect.com
domain:gmo-cybersecurity.com
domain:gmo-digitalpay.jp
domain:gmo-fg.com
domain:gmo-healthtech.com
domain:gmo-insight.jp
domain:gmo-mobilepay.jp
domain:gmo-office.com
domain:gmo-official.shop
domain:gmo-pa.com
domain:gmo-pg.com
domain:gmo-ps.com
domain:gmo-rakurakuhp.jp
domain:gmo-research.ai
domain:gmo-sol.jp
domain:gmo-vp.com
domain:gmo.jp
domain:gmo.media
domain:gmoask.jp
domain:gmobb.jp
domain:gmocloud.com
domain:gmopg.jp
domain:kantan.game
domain:gmossp.jp
domain:globalsign.eu
domain:goope.jp
domain:hakaru.ai
domain:heteml.jp
domain:hotel-reviewn.com
domain:infoq.jp
domain:iprad-ryoma.com
domain:jword.jp
domain:1-account.com
domain:good-apps.jp
domain:30d.jp
domain:shop-pro.jp
domain:karabako-gmo.com
domain:kireipass.jp
domain:koukoku.jp
domain:kumagai.com
domain:kumapon.jp
domain:lolipop.jp
domain:makeappli.jp
domain:makerepeater.jp
domain:makeshop.jp
domain:globalsign.fr
domain:globalsign.be
domain:globalsign.net
domain:meo-dash.com
domain:michill.jp
domain:minne.com
domain:muumuu-domain.com
domain:nomyne.com
domain:okiwine.jp
domain:omakase.in
domain:onamae-desktop.com
domain:onamae-office.com
domain:onamae.com
domain:osaipo.jp
domain:oshiete.ai
domain:out-app-purchase.com
domain:pepabo.com
domain:playads.jp
domain:pointtown.com
domain:prcm.jp
domain:pricesearch.jp
domain:renshu.com
domain:seo-dash.net
domain:seodirector.ai
domain:seotimes.jp
domain:shisho.dev
domain:shuminavi.net
domain:smaad.net
domain:sokuresu.ai
domain:suzuri.jp
domain:taxel.media
domain:tenbin.ai
domain:tenten.vn
domain:toritonssl.com
domain:townwifi.jp
domain:trustlogin.com
domain:value-domain.com
domain:value-server.com
domain:waccas.com
domain:globalsign.nl
domain:xrea.com
domain:z.com
domain:zeibit.ai
domain:ztrendlab.com
domain:globalsign.es
domain:globalsign-media.com
domain:globalsign.ch
domain:globalsign.cloud
domain:wadax.ne.jp
domain:medical-reserve.co.jp
domain:ird.co.jp
domain:gmo-rast.co.jp
domain:enpay.co.jp
domain:globalsign.com.br
domain:globalsign.com.sg
domain:globalsign.com.hk
domain:globalsign.com.au
domain:globalsign.co.uk
domain:alphassl.com
domain:easy-signing.com
domain:globalsign.cn
domain:globalsign.com
domain:globalsigncdn.com
full:cdn.globalsigncdn.com.cdn.cloudflare.net
full:crl.globalsign.net
