domain:icbc
domain:icbcina.com
domain:95588.com
domain:icbcstandardsecurities.com
domain:icbcstandardresources.com
domain:icbcstandardbank.com
domain:icbcstandard.com
domain:dccnet.com.cn
domain:icbcmanila.com.cn
domain:icbccstz.com.cn
domain:icbccs.com.cn
domain:icbc.com.cn
domain:95588.com.cn
domain:icbc-at.com
domain:icbc-cz.com
domain:icbc-ltd.com
domain:icbc-uk.com
domain:icbc-us.com
domain:icbc.ae
domain:icbc.be
domain:icbc.co.id
domain:icbc.co.jp
domain:icbc.co.kr
domain:icbc.co.nl
domain:icbc.com.au
domain:icbc.com.es
domain:icbc.com.kh
domain:icbc.com.kw
domain:icbc.com.la
domain:icbc.com.mm
domain:icbc.com.mo
domain:icbc.com.mx
domain:icbc.com.pe
domain:icbc.com.pk
domain:icbc.com.qa
domain:icbc.com.sg
domain:icbc.com.vn
domain:icbc.de
domain:icbc.eu
domain:icbc.lu
domain:icbcalmaty.kz
domain:icbcasia.com
domain:icbcbr.com.br
domain:icbci.com.hk
domain:icbcindia.com
domain:icbcit.com
domain:icbclondon.com
domain:icbcme.ae
domain:icbcmoscow.ru
domain:icbcmy.com
domain:icbcnz.com
domain:icbcpanama.com
domain:icbcparis.fr
domain:icbcpl.com
domain:icbcswiss.com
domain:icbcthai.com
domain:icbkfs.com
domain:icbkus.com
