domain:kakaogamescorp.com
domain:kakaocloud.com
domain:daumkakao.io
domain:kakao.com
domain:zigzag.kr
domain:kakaocdn.net
domain:kakaoent.com
domain:kakaotalk.jp
domain:kgslb.com
domain:onkakao.net
domain:kakao.vc
domain:kakaobrain.com
domain:kakaoinvestment.com
domain:kakaomobility.com
domain:kakaopiccoma.com
domain:kakaobank.com
domain:kakaobank.io
domain:kakaobankcontent.com
domain:kakaoenterprise.com
domain:krosspictures.com
domain:kakaoilaas.com
domain:1thek.com
domain:posty.kr
domain:kakaostyle.com
domain:fashionbykakao.com
domain:dolphiners.com
domain:gleline.com
domain:kpinsurances.com
domain:kakaopaysec.com
domain:kakaocorp.com
domain:daumcdn.net
domain:kakaopay.com
domain:pastahealth.com
domain:melon.com
domain:msoopent.com
domain:karechat.ai
domain:shownote.com
domain:starship-ent.com
domain:stuidok110.com
domain:vastenm.com
domain:zipcine.com
domain:daumpcbang.com
domain:daum.net
domain:kakaovx.com
domain:kakaohealthcare.com
domain:metabora.io
domain:sena.co.kr
domain:lionhearts.co.kr
domain:ootbstudio.co.kr
domain:megamon.co.kr
domain:logosfilm.co.kr
domain:jwide.co.kr
domain:istent.co.kr
domain:bhent.co.kr
domain:awesomeent.co.kr
domain:antenna.co.kr
domain:kakao.co.kr
