domain:aboutmcdonalds.com
domain:mcdonaldsarabia.com
domain:mcdonaldsapps.com
domain:mcdonalds.hk
domain:mcdonalds.com
domain:mcdonalds.se
domain:mcdindia.com
domain:mcdonalds.no
domain:mcdindonesia.com
domain:mcdonalds.it
domain:mcdonalds.ca
domain:mcdonalds-online.com
domain:mcdonalds.be
domain:mcd.com
domain:happymealdigital.com
domain:happymeal.com
domain:mcdonalds.co.id
domain:happymeal.com.au
domain:happymeal.co.nz
domain:mcdelivery.com.tw
domain:mcdonalds.co.kr
domain:mcdelivery.co.kr
domain:mcdelivery.com.my
domain:mcdelivery.com.ph
domain:mcdelivery.com.sg
domain:mcd-holdings.co.jp
domain:mcdonalds.co.jp
domain:mcdonalds.com.tw
domain:mcdelivery.co.id
domain:mcdelivery.co.in
domain:mcdonalds.co.nz
domain:mcdonalds.co.uk
domain:mcdonalds.com.hk
domain:mcdonalds.com.lb
domain:mcdonalds.com.my
domain:mcdonalds.com.ph
domain:mcdonalds.com.au
domain:mcdelivery.com.au
domain:mcdonaldsparties.co.nz
domain:4008-517-517.cn
domain:mcd.cn
domain:mcdchina.net
domain:mcdonalds.com.cn
