domain:mini
domain:mini.jp
domain:minicanada.ca
domain:atlantaminidealers.com
domain:greatergothammini.com
domain:mini.kz
domain:mini-abudhabi.com
domain:mini-antilles.fr
domain:mini-bahrain.com
domain:mini-bosnia.com
domain:mini-clubs-international.com
domain:mini-connected.at
domain:mini-connected.be
domain:mini-connected.ch
domain:mini-connected.com
domain:mini-connected.cz
domain:mini-connected.de
domain:mini-connected.dk
domain:mini-connected.ee
domain:mini-connected.es
domain:mini-connected.fi
domain:mini-connected.fr
domain:mini-connected.ie
domain:mini-connected.it
domain:mini-connected.lt
domain:mini-connected.lu
domain:mini-connected.lv
domain:mini-connected.nl
domain:mini.ma
domain:mini-connected.pl
domain:mini-connected.pt
domain:mini-connected.se
domain:mini-corporate-sales.com
domain:mini-coupe.ca
domain:mini-dubai.com
domain:mini-e.com
domain:mini-egypt.com
domain:mini-georgia.com
domain:mini-grouparchiv.de
domain:mini-grouparchive.com
domain:mini-jordan.com
domain:mini-ksa.com
domain:mini-kuwait.com
domain:mini-lebanon.com
domain:mini-me.com
domain:mini-oman.com
domain:mini-qatar.com
domain:mini-srilanka.com
domain:mini-stjohns.ca
domain:mini-stjohns.com
domain:mini-tahiti.com
domain:mini-vietnam.com
domain:mini-windsor.ca
domain:mini-windsor.com
domain:mini.am
domain:mini.at
domain:mini.be
domain:mini.bg
domain:mini.by
domain:mini.ca
domain:mini.cc
domain:mini.ch
domain:mini.cl
domain:mini.com
domain:mini.cz
domain:mini.de
domain:mini.dk
domain:troisrivieresmini.com
domain:trmini.com
domain:southfloridamini.com
domain:shopminiusa.com
domain:pugetsoundmini.com
domain:miniyaletown.ca
domain:miniworkshop.com
domain:miniwindsor.com
domain:miniwidget.ca
domain:miniwholesaleconnect.com
domain:minivilledequebec.com
domain:minivilledequebec.ca
domain:minivictoria.com
domain:minivictoria.ca
domain:minivaughanwest.com
domain:minivaughanwest.ca
domain:minivancouver.ca
domain:minivalueservice.com
domain:miniusatires.com
domain:miniusaservice.com
domain:miniusa.com
domain:minitroisrivieres.ca
domain:minitoronto.ca
domain:minitakesthestates.com
domain:ministjohns.ca
domain:ministeagathe.com
domain:ministcatharines.ca
domain:minispygear.com
domain:minispecialoffers.ca
domain:mini.dz
domain:mini.es
domain:mini.fi
domain:mini.fr
domain:mini.gp
domain:mini.hu
domain:mini.ie
domain:mini.in
domain:mini.is
domain:mini.it
domain:4myminicard.com
domain:midatlanticbmwmotorcycles.com
domain:aboutyourmini.com
domain:mini-connected.no
domain:mini.md
domain:mini.mq
domain:mini.mu
domain:mini.my
domain:mini.nc
domain:mini.nl
domain:mini.no
domain:mini.pt
domain:mini.re
domain:mini.ro
domain:mini.rs
domain:mini.ru
domain:mini.se
domain:mini.si
domain:mini.sk
domain:mini.tm
domain:mini.tn
domain:mini.ua
domain:mini101.ca
domain:miniargentina.com
domain:minibrossard.ca
domain:minibrossard.com
domain:mini.lu
domain:minicaribbean.com
domain:miniccrc.ca
domain:minicooper.ca
domain:minidealer.com
domain:minidealernet.com
domain:minidowntown.ca
domain:minidowntown.com
domain:minidrivingexperienceusa.com
domain:minidurham.ca
domain:minidurham.com
domain:minie.com
domain:minifs.com
domain:minigeorgian.ca
domain:minigrandriver.com
domain:minihalifax.ca
domain:minihalifax.com
domain:minihk.com
domain:miniinvasion.ca
domain:miniitalianjob.com
domain:minikelowna.ca
domain:minikelowna.com
domain:minilangley.ca
domain:minilangley.com
domain:minilat.com
domain:minilaval.ca
domain:minilaval.com
domain:minilondon.ca
domain:minilondon.co
domain:minimarkham.ca
domain:minimarkham.com
domain:minimoncton.ca
domain:minimoncton.com
domain:minimontrealcentre.ca
domain:minimontroyal.ca
domain:minimontroyal.com
domain:minimotoringrewards.com
domain:minimotoringschool.com
domain:minimotorsport.com
domain:mininanaimo.ca
domain:mininanaimo.com
domain:minioakville.com
domain:miniofmonrovia.com
domain:minipetfriendly.com
domain:minirichmond.ca
domain:minirichmond.com
domain:minisaskatoon.ca
domain:minisaskatoon.com
domain:minishop.ca
domain:minispace.com
domain:mini.com.mx
domain:mini.com.mt
domain:mini.com.pl
domain:mini.com.sg
domain:mini.com.pe
domain:mini.com.pa
domain:mini.com.co
domain:mini.com.mo
domain:mini.com.br
domain:mini.com.mk
domain:mini.com.hr
domain:mini.com.gt
domain:mini.com.gr
domain:mini.com.bn
domain:mini.com.do
domain:mini.com.ph
domain:mini.com.cy
domain:mini.com.py
domain:mini.com.ec
domain:mini.com.ar
domain:mini.co.za
domain:mini.co.uk
domain:mini.co.th
domain:mini.co.me
domain:mini.co.kr
domain:mini.co.il
domain:mini.co.id
domain:mini.co.cr
domain:mini-connected.co.uk
domain:mini.com.tr
domain:mini.com.tw
domain:mini.com.uy
