full:mozilla-ohttp.fastly-edge.com
full:mdn.mozillademos.org
domain:bugzilla.org
domain:extensionworkshop.com
domain:getpocket.com
domain:mozgcp.net
domain:mozilla.ai
domain:mozilla.com
domain:mozilla.community
domain:mozilla.net
domain:mozilla.org
domain:mozillafoundation.org
domain:mzl.la
domain:seamonkey-project.org
domain:thunderbird.net
domain:firefox.com
domain:firefoxusercontent.com
domain:mdn.dev
domain:mdnplay.dev
domain:mdnyalp.dev
domain:developer.allizom.org
domain:mdn.allizom.net
domain:mdn.mozit.cloud
full:ads-img.mozilla.org
full:ads.mozilla.org
full:incoming.telemetry.mozilla.org
full:incoming-telemetry.thunderbird.net
