domain:microsoftnews.cc
domain:microsoftnews.com
domain:microsoftnews.net
domain:microsoftnews.org
domain:microsoftnewsforkids.com
domain:microsoftnewsforkids.net
domain:microsoftnewsforkids.org
domain:microsoftnewskids.com
domain:microsoftnewskids.net
domain:microsoftnewskids.org
domain:msn.com
domain:msnewskids.com
domain:msnewskids.net
domain:msnewskids.org
domain:msnkids.com
domain:microsoftstart.com
domain:start.com
domain:microsoftnews.cn
domain:msn.cn
domain:browser.events.data.msn.cn
domain:browser.events.data.msn.com
