full:lolstatic-a.akamaihd.net
domain:leagueoflegends.com
domain:riot-games.com
domain:historyofdota.org
domain:instituteofwar.org
domain:molesports.com
domain:rgpub.io
domain:leagueoflegends.info
domain:riot.com
domain:riot.net
domain:riotcdn.net
domain:riotgames.com
domain:riotgames.info
domain:riotgames.jp
domain:riotgames.net
domain:riotgames.tv
domain:riotpin.com
domain:riotpoints.com
domain:rstatic.net
domain:historyofdota.com
domain:supremacy.net
domain:championshipseriesleague.com
domain:lcsmerch.com
domain:leaguehighschool.com
domain:leagueoflegends.ca
domain:supremacy.com
domain:historyofdota.net
domain:leagueoflegends.kr
domain:leagueoflegends.net
domain:leagueoflegends.org
domain:leagueoflegendsscripts.com
domain:leaguesharp.info
domain:leaguoflegends.com
domain:learnwithleague.com
domain:lol-europe.com
domain:lolclub.org
domain:lolespor.com
domain:lolesports.com
domain:lolfanart.net
domain:lolpcs.com
domain:lolstatic.com
domain:lolusercontent.com
domain:convrgencegame.com
domain:pvp.net
domain:pvp.tv
domain:ulol.com
domain:playvalorant.com
domain:riotforgegames.com
domain:ruinedking.com
domain:riotgames.co.kr
domain:leagueoflegends.co.kr
domain:lolshop.co.kr
domain:leagueoflegends.cn
domain:lpl.com.cn
