domain:sankei-ad-info.com
domain:innovations-i.com
domain:sankei-ad.net
domain:ironna.jp
domain:tvnaviweb.jp
domain:japan-forward.com
domain:keiba.net
domain:business-i.jp
domain:seiron-sankei.com
domain:mostly.jp
domain:sankei.com
domain:ign.jp
domain:metropolitana.tokyo
domain:sankei-call.jp
domain:seasidestory.tokyo
domain:sanspo.com
domain:sankeishop.jp
domain:sankei-kurashi.com
domain:sankei-shougakukai.jp
domain:sankei-tours.com
domain:sankeibiz.jp
domain:sankei.jp
domain:knowswho.co.jp
domain:sankei.co.jp
domain:sankei-kaihatsu.co.jp
domain:sankei-eiga.co.jp
domain:sankei-digital.co.jp
domain:sankei-books.co.jp
domain:iza.ne.jp
domain:zakzak.co.jp
