domain:haydaygame.com
domain:brawlstarsgame.com
domain:mo.co
domain:clash.com
domain:clashmini.com
domain:clashofclans.com
domain:clashroyale.com
domain:clashroyaleapp.com
domain:seeurlpcl.com
domain:hayday.com
domain:supr.cl
domain:brawlstars.com
domain:gamesfirsthelsinki.com
domain:squadbusters.com
domain:supercell.com
domain:boombeach.com
domain:supercell.net
domain:supercellcreators.com
domain:supercellgames.com
domain:supercellid.com
domain:supercellstore.com
domain:supercell.helpshift.com
