domain:cnzz.com
domain:mobmore.com
domain:puata.info
domain:shujupie.com
domain:umeng.com
domain:umengcloud.com
domain:umsns.com
domain:umtrack.com
domain:uyunad.com
domain:whalecloud.com
domain:aaid.umeng.com
domain:alog.umeng.com
domain:alog.umengcloud.com
domain:alogs.umeng.com
domain:alogus.umeng.com
domain:ar.umeng.com
domain:aspect-upush.umeng.com
domain:audid.umeng.com
domain:ccs.umeng.com
domain:cnlogs.umeng.com
domain:cnlogs.umengcloud.com
domain:log.umtrack.com
domain:new-aaid.umeng.com
domain:new-aaid.umeng.com.gds.alibabadns.com
domain:oc.umeng.com
domain:plbslog.umeng.com
domain:resolve.umeng.com
domain:ulogs.umeng.com
domain:ulogs.umengcloud.com
domain:utoken.umeng.com
domain:w.cnzz.com
domain:z.gds.cnzz.com
