domain:veet.tv
domain:veet.cl
domain:veet.dk
domain:veet.ch
domain:veet.se
domain:veetclub.it
domain:veetcentroamerica.com
domain:veet.ru
domain:veetarabia.com
domain:veet.us
domain:veet.at
domain:veet.com
domain:veet.ca
domain:veet.be
domain:veetbangladesh.com
domain:veet.ro
domain:veet.pt
domain:veet.no
domain:veet.nl
domain:veet.jp
domain:veet.hu
domain:veet.fr
domain:veet.fi
domain:veet.es
domain:veet.de
domain:veet.co.za
domain:veet.com.tr
domain:veet.com.sg
domain:veet.com.pk
domain:veet.com.ph
domain:veet.com.my
domain:veet.com.mx
domain:veet.com.hk
domain:veet.com.co
domain:veet.com.br
domain:veet.com.bd
domain:veet.com.au
domain:veet.com.ar
domain:veet.co.uk
domain:veet.co.nz
domain:veet.co.kr
domain:veet.co.in
domain:veet.co.id
domain:veet.cn
domain:veet.com.cn
