domain:a-msedge.net
domain:msftncsi.com
domain:cbecloud.com
domain:bingforbusiness.com
domain:onedrive.live.com
domain:iecvlist.microsoft.com
domain:a-0003.dc-msedge.net
domain:a-ring.msedge.net
domain:www.xboxab.com
domain:www.windowssearch.com
domain:activity.windows.com
domain:www.msftconnecttest.com
domain:www.msedge.net
domain:answers.microsoft.com
domain:api.bing.com
domain:api.onedrive.com
domain:api.msn.com
domain:appex-rf.msn.com
domain:apps.skype.com
domain:arc.msn.com
domain:windows.msn.com
domain:win10-trt.msedge.net
domain:assets.msn.com
domain:wdcpalt.microsoft.com
domain:auth.gfx.ms
domain:autologon.microsoftazuread-sso.com
domain:wdcp.microsoft.com
domain:wallet.microsoft.com
domain:urs.microsoft.com
domain:ui.skype.com
domain:uhf.microsoft.com
domain:troubleshooting.microsoft.com
domain:b-ring.msedge.net
domain:bl3301-a.1drv.com
domain:bl3301-c.1drv.com
domain:bl3301-g.1drv.com
domain:to-do.microsoft.com
domain:time.windows.com
domain:teams.live.com
domain:t-ring.msedge.net
domain:support.microsoft.com
domain:substrate.office.com
domain:store-images.s-microsoft.com
domain:store-images.microsoft.com
domain:storage.live.com
domain:stor3.msedge.net
domain:by3301-a.1drv.com
domain:by3301-c.1drv.com
domain:by3301-e.1drv.com
domain:c-0001.dc-msedge.net
domain:c.bing.com
domain:c1.microsoft.com
domain:candycrushsoda.king.com
domain:static.2mdn.net
domain:cdn.onenote.net
domain:sn3301-g.1drv.com
domain:sn3301-e.1drv.com
domain:ch3301-c.1drv.com
domain:ch3301-e.1drv.com
domain:ch3301-g.1drv.com
domain:ch3302-c.1drv.com
domain:ch3302-e.1drv.com
domain:checkappexec.microsoft.com
domain:choice.microsoft.com
domain:sn3301-c.1drv.com
domain:client-office365-tas.msedge.net
domain:smartscreen-prod.microsoft.com
domain:clientconfig.passport.net
domain:skyapi.live.net
domain:share.microsoft.com
domain:sfdataservice.microsoft.com
domain:settings-ssl.xboxlive.com
domain:search.msn.com
domain:crl.microsoft.com
domain:s0.2mdn.net
domain:romeccs.microsoft.com
domain:da.xboxservices.com
domain:rom30r3a.msedge.net
domain:r20swj13mr.microsoft.com
domain:dev.virtualearth.net
domain:pipe.skype.com
domain:outlookmobile-office365-tas.msedge.net
domain:outlook.office365.com
domain:outlook.office.com
domain:outlook.live.com
domain:dlassets-ssl.xboxlive.com
domain:outlook-emeawest2.office365.com
domain:ecs.office.com
domain:edgetipscdn.microsoft.com
domain:edge.microsoft.com
domain:outlook-ca-emeawest2.office365.com
domain:otf.msn.com
domain:oneocsp.microsoft.com
domain:officeclient.microsoft.com
domain:officecdn.microsoft.com
domain:oneclient.sfx.ms
domain:ocos-office365-s2s.msedge.net
domain:evoke-windowsservices-tas.msedge.net
domain:ntp.msn.com
domain:feedback.microsoft-hohm.com
domain:a-0001.dc-msedge.net
domain:feedback.windows.com
domain:mscrl.microsoft.com
domain:msagfx.live.com
domain:fp.msedge.net
domain:mediaredirect.microsoft.com
domain:fs.microsoft.com
domain:g.bing.com
domain:g.live.com
domain:maps.windows.com
domain:go.microsoft.com
domain:graph.microsoft.com
domain:hel01r3.msedge.net
domain:m.hotmail.com
domain:logincdn.msauth.net
domain:login.windows.net
domain:login.microsoftonline.com
domain:login.live.com
domain:location-inference-westus.cloudapp.net
domain:k-ring.msedge.net
domain:iteactive-pra.msedge.net
domain:insideruser.microsoft.com
domain:insiderservice.microsoft.com
domain:img-s-msn-com.akamaized.net
domain:img-prod-cms-rt-microsoft-com.akamaized.net
domain:outlook-1.cdn.office.net
domain:a.config.skype.com
domain:activation.sls.microsoft.com
domain:www.telecommandsvc.microsoft.com
domain:activation-v2.sls.microsoft.com
domain:api.cdp.microsoft.com
domain:wscont2.apps.microsoft.com
domain:wscont.apps.microsoft.com
domain:windows.policies.live.net
domain:img.stb.s-msn.com
domain:ars.smartscreen.microsoft.com
domain:az361816.vo.msecnd.net
domain:inference.location.live.net
domain:vortex-win-sandbox.data.microsoft.com
domain:vortex-win.data.microsoft.com
domain:validation-v2.sls.microsoft.com
domain:validation.sls.microsoft.com
domain:urs.smartscreen.microsoft.com
domain:az512334.vo.msecnd.net
domain:licensing.mp.microsoft.com
domain:az725175.vo.msecnd.net
domain:azsc-euw.config.skype.com
domain:uci.cdn.office.net
domain:b.config.skype.com
domain:login.msa.akadns6.net
domain:login.msa.msidentity.com
domain:tk2.plt.msn.com
domain:blob.weather.microsoft.com
domain:tile-service.weather.microsoft.com
domain:manage.devcenter.microsoft.com
domain:global.sam.msn.com
domain:blobs.officehome.msocdn.com
domain:mrodevicemgr.officeapps.live.com
domain:storecatalogrevocation.storequality.microsoft.com
domain:staging.to-do.officeppe.com
domain:feedback.search.microsoft.com
domain:clients.config.office.net
domain:co2.sls.microsoft.com
domain:nav.smartscreen.microsoft.com
domain:neu.notifications.skype.com
domain:config.edge.skype.com
domain:settings-win.data.microsoft.com
domain:next-services.apps.microsoft.com
domain:nleditor.osi.office.net
domain:config.teams.microsoft.com
domain:events.data.microsoft.com
domain:odc.officeapps.live.com
domain:settings.data.microsoft.com
domain:service.weather.microsoft.com
domain:continuum.dds.microsoft.com
domain:s2s.config.skype.com
domain:wscont1.apps.microsoft.com
domain:cs.dds.microsoft.com
domain:roaming-eu.officeapps.live.com
domain:roaming.officeapps.live.com
domain:register.cdpcs.microsoft.com
domain:reactiveassistanceinstance.cognitiveservices.azure.com
domain:purchase.mp.microsoft.com
domain:pti.store.microsoft.com
domain:device.auth.xboxlive.com
domain:dmd.metaservices.microsoft.com
domain:onedriveclucprodbn20004.blob.core.windows.net
domain:onedriveclucprodbn20007.blob.core.windows.net
domain:onedriveclucprodbn20014.blob.core.windows.net
domain:onedriveclucprodbn20016.blob.core.windows.net
domain:onedriveclucprodbn20017.blob.core.windows.net
domain:onedriveclucprodbn20001.blob.core.windows.net
domain:onedriveclucprodbn20019.blob.core.windows.net
domain:onedriveclucprodbn20020.blob.core.windows.net
domain:onedriveclucprodbn20021.blob.core.windows.net
domain:onedriveclucprodbn20022.blob.core.windows.net
domain:onedriveclucprodbn20023.blob.core.windows.net
domain:onedriveclucprodbn20024.blob.core.windows.net
domain:onedriveclucprodbn20025.blob.core.windows.net
domain:onedriveclucprodbn20026.blob.core.windows.net
domain:onedriveclucprodbn20027.blob.core.windows.net
domain:onedriveclucprodbn20028.blob.core.windows.net
domain:onedriveclucprodbn20029.blob.core.windows.net
domain:onedriveclucprodbn20030.blob.core.windows.net
domain:onedriveclucprodbn20036.blob.core.windows.net
domain:onedriveclucprodbn20037.blob.core.windows.net
domain:onedriveclucprodbn20038.blob.core.windows.net
domain:onedriveclucprodbn20039.blob.core.windows.net
domain:onedriveclucprodbn20040.blob.core.windows.net
domain:onedriveclucprodbn20041.blob.core.windows.net
domain:onedriveclucprodbn20042.blob.core.windows.net
domain:onedriveclucprodbn20043.blob.core.windows.net
domain:onedriveclucprodbn20044.blob.core.windows.net
domain:onedriveclucprodbn20045.blob.core.windows.net
domain:onedriveclucprodbn20046.blob.core.windows.net
domain:onedriveclucprodbn20047.blob.core.windows.net
domain:onedriveclucprodbn20048.blob.core.windows.net
domain:onedriveclucprodbn20049.blob.core.windows.net
domain:onedriveclucprodbn20050.blob.core.windows.net
domain:onedriveclucproddm20001.blob.core.windows.net
domain:onedriveclucproddm20002.blob.core.windows.net
domain:onedriveclucproddm20003.blob.core.windows.net
domain:onedriveclucproddm20004.blob.core.windows.net
domain:onedriveclucproddm20005.blob.core.windows.net
domain:onedriveclucproddm20006.blob.core.windows.net
domain:onedriveclucproddm20007.blob.core.windows.net
domain:onedriveclucproddm20008.blob.core.windows.net
domain:onedriveclucproddm20009.blob.core.windows.net
domain:onedriveclucprodbn20010.blob.core.windows.net
domain:onedriveclucproddm20011.blob.core.windows.net
domain:onedriveclucproddm20012.blob.core.windows.net
domain:onedriveclucproddm20013.blob.core.windows.net
domain:onedriveclucproddm20014.blob.core.windows.net
domain:onedriveclucproddm20015.blob.core.windows.net
domain:onedriveclucproddm20016.blob.core.windows.net
domain:onedriveclucproddm20017.blob.core.windows.net
domain:onedriveclucproddm20018.blob.core.windows.net
domain:onedriveclucproddm20019.blob.core.windows.net
domain:onedriveclucproddm20020.blob.core.windows.net
domain:onedriveclucproddm20021.blob.core.windows.net
domain:onedriveclucproddm20022.blob.core.windows.net
domain:onedriveclucproddm20023.blob.core.windows.net
domain:onedriveclucproddm20024.blob.core.windows.net
domain:onedriveclucproddm20025.blob.core.windows.net
domain:onedriveclucproddm20026.blob.core.windows.net
domain:onedriveclucproddm20027.blob.core.windows.net
domain:onedriveclucproddm20028.blob.core.windows.net
domain:onedriveclucproddm20029.blob.core.windows.net
domain:onedriveclucproddm20030.blob.core.windows.net
domain:onedriveclucproddm20036.blob.core.windows.net
domain:onedriveclucproddm20037.blob.core.windows.net
domain:onedriveclucproddm20038.blob.core.windows.net
domain:onedriveclucproddm20039.blob.core.windows.net
domain:onedriveclucproddm20040.blob.core.windows.net
domain:onedriveclubproddm20041.blob.core.windows.net
domain:onedriveclucproddm20042.blob.core.windows.net
domain:onedriveclucproddm20043.blob.core.windows.net
domain:onedriveclucproddm20044.blob.core.windows.net
domain:onedriveclucproddm20045.blob.core.windows.net
domain:onedriveclucproddm20046.blob.core.windows.net
domain:onedriveclucproddm20047.blob.core.windows.net
domain:onedriveclucproddm20048.blob.core.windows.net
domain:onedriveclucproddm20049.blob.core.windows.net
domain:onedriveclucproddm20050.blob.core.windows.net
domain:onedriveclubprodbn20051.blob.core.windows.net
domain:eu.vortex.data.microsoft.com
domain:optanon.blob.core.windows.net
domain:onedriveclucprodbn20012.blob.core.windows.net
domain:onedriveclucprodbn20011.blob.core.windows.net
domain:i-db3p-cor001.api.p001.1drv.com
domain:onedriveclucprodbn20009.blob.core.windows.net
domain:developerportalprod.blob.core.windows.net
domain:pstrgqp01.blob.core.windows.net
domain:onedriveclucprodbn20008.blob.core.windows.net
domain:onedriveclucprodbn20013.blob.core.windows.net
domain:i-db3p-cor002.api.p001.1drv.com
domain:decsitefinitycdn.blob.core.windows.net
domain:rcr.blob.core.windows.net
domain:onedriveclucprodbn20006.blob.core.windows.net
domain:onedriveclucprodbn20005.blob.core.windows.net
domain:ris.api.iris.microsoft.com
domain:i-ch1-cor002.api.p001.1drv.com
domain:onedriveclucprodbn20003.blob.core.windows.net
domain:onedriveclucprodbn20002.blob.core.windows.net
domain:i-db3p-cor003.api.p001.1drv.com
domain:s.gateway.messenger.live.com
domain:onedriveclucprodbn20018.blob.core.windows.net
domain:officehomeblobs.blob.core.windows.net
domain:officecdn.microsoft.com.edgesuite.net
domain:server6.pipe.aria.microsoft.com
domain:server7.pipe.aria.microsoft.com
domain:europe.cp.wd.microsoft.com
domain:exo.nel.measure.office.net
domain:ne-we.cp.wd.microsoft.com
domain:ne.cp.wd.microsoft.com
domain:mucp.api.account.microsoft.com
domain:msportal.blob.core.windows.net
domain:client-s.gateway.messenger.live.com
domain:choice.microsoft.com.nsatc.net
domain:ch1-cor002.api.p001.1drv.com
domain:ch1-cor001.api.p001.1drv.com
domain:finance.services.appex.bing.com
domain:i-db3p-cor004.api.p001.1drv.com
domain:statics.teams.cdn.live.net
domain:statics.teams.cdn.office.net
domain:browser.events.data.msn.com
domain:bn3p-cor001.api.p001.1drv.com
domain:bn2b-cor004.api.p001.1drv.com
domain:foodanddrink.tile.appex.bing.com
domain:storeedgefd.dsx.mp.microsoft.com
domain:storesdk.dsx.mp.microsoft.com
domain:studytree2.blob.core.windows.net
domain:bn2b-cor003.api.p001.1drv.com
domain:bn2b-cor002.api.p001.1drv.com
domain:bn2b-cor001.api.p001.1drv.com
domain:i-db3p-cor005.api.p001.1drv.com
domain:i-sn2-cor001.api.p001.1drv.com
domain:metadata.templates.cdn.office.net
domain:tfl.nel.measure.office.net
domain:thestreamstaging.blob.core.windows.net
domain:hubstordev3sstor1.blob.core.windows.net
domain:i-am3p-cor001.api.p001.1drv.com
domain:i-am3p-cor002.api.p001.1drv.com
domain:i-am3p-cor003.api.p001.1drv.com
domain:azpglspamprwduateus2.blob.core.windows.net
domain:i-am3p-cor004.api.p001.1drv.com
domain:i-am3p-cor005.api.p001.1drv.com
domain:licensingphone.md.mp.microsoft.com
domain:kiwi.blob.core.windows.net
domain:i-bl6p-cor001.api.p001.1drv.com
domain:i-bl6p-cor002.api.p001.1drv.com
domain:isgemail.blob.core.windows.net
domain:version.hybrid.api.here.com
domain:videomd.blob.core.windows.net
domain:i-bn3p-cor001.api.p001.1drv.com
domain:i-bn3p-cor090.api.p001.1drv.com
domain:w.apprep.smartscreen.microsoft.com
domain:i-by3p-cor001.api.p001.1drv.com
domain:automatedirstrprdeus.blob.core.windows.net
domain:assuritystorage.blob.core.windows.net
domain:i-by3p-cor002.api.p001.1drv.com
domain:arc.msn.com.nsatc.net
domain:i-ch1-cor001.api.p001.1drv.com
domain:wpcdn.blob.core.windows.net
domain:i1.services.social.microsoft.com
domain:i-sn2-cor002.api.p001.1drv.com
domain:i-sn3p-cor002.api.p001.1drv.com
domain:i-sn3p-cor001.api.p001.1drv.com
domain:wscont.apps.microsoft.com.edgesuite.net
domain:t0.ssl.ak.tiles.virtualearth.net
domain:cdn.content.prod.cms.msn.com
domain:query.prod.cms.rt.microsoft.com
domain:dmd.metaservices.microsoft.com.akadns.net
domain:t0.ssl.ak.dynamic.tiles.virtualearth.net
domain:cy2.settings.data.microsoft.com.akadns.net
