domain:yt0.cc
domain:yuantongyizhan.com
domain:kjwugx.com
domain:ytokj.com
domain:mamayz.com
domain:mumbuy365.com
domain:nellit.cn
domain:yto-jsd.com
domain:nellit.info
domain:nellit.net
domain:gpall.cn
domain:yuantongyizhan.cn
domain:nellit.xyz
domain:yto-lgs.com
domain:tianxiajiameng.cn
domain:tianxiajiameng.com
domain:mamayz.cn
domain:gpall.net
domain:sxgou.cn
domain:yto-lgs.net
domain:ytoluohan.xin
domain:yto.top
domain:yto.vip
domain:yto.xin
domain:ytoluohan.net
domain:ytoluohan.com
domain:yto56test.com
domain:ytocargo.com
domain:ytoluohan.cn
domain:ytoexpress.com
domain:ytoholding.com
domain:ytokj.net
domain:ytokj.cn
domain:nellit.net.cn
domain:ytokj.com.cn
domain:ytojg.com.cn
domain:ytokj.net.cn
domain:ytocargo.com.cn
domain:yto56.net.cn
domain:yto56.com.cn
domain:yto.net.cn
domain:nellit.org.cn
domain:nellit.com.cn
