domain:2ip.ru
domain:alefbank.com
domain:animego.me
domain:ankb.ru
domain:asia-pay.ru
domain:autobahn.db.com
domain:avtoto.ru
domain:bank-arzamas.ru
domain:bank-credit-suisse-moscow.ru
domain:bank131.com
domain:bankermak.ru
domain:bfa.ru
domain:checkip.amazonaws.com
domain:commerzbank.ru
domain:credit-zenit.ru
domain:forshtadt.ru
domain:ibamoscow.ru
domain:ifconfig.me
domain:ip.sb
domain:ipapi.is
domain:ipify.org
domain:iplocate.io
domain:jpmorgan.ru
domain:kinescope.io
domain:kinescopecdn.net
domain:korona.com
domain:mangalib.me
domain:mizuhogroup.com
domain:mvs-bank.ru
domain:noosferabank.ru
domain:prvbank.ru
domain:pvubank.com
domain:redheadsound.studio
domain:rkbank.ru
domain:rncoluminis.ru
domain:ru.ccb.com
domain:sber.world
domain:sber.ws
domain:sbercoin.com
domain:selkombank.ru
domain:showip.net
domain:slavbank.ru
domain:smbcr-bank.ru
domain:ssb.msk.ru
domain:tagbank.ru
domain:tilda.cc
domain:ubs.com
domain:vlb100.ru
domain:vtb-direct.com
domain:vtb-grants.fut.ru
domain:vtbglobalperspectives.com
domain:westernunion.ru
domain:yoobusiness.ru
domain:zenit-card.ru
domain:ziraatbank.ru
