domain:android-safebrowsing.google.com
domain:android.clients.google.com
domain:app-measurement.com
domain:connectivitycheck.gstatic.com
domain:digitalassetlinks.googleapis.com
domain:firebaseinstallations.googleapis.com
domain:google-ohttp-relay-safebrowsing.fastly-edge.com
domain:googleads.g.doubleclick.net
domain:googleplay.com
domain:gvt1.com
domain:infinitedata-pa.googleapis.com
domain:lh3.googleusercontent.com
domain:mtalk.google.com
domain:ota-cache1.googlezip.net
domain:ota-cache2.googlezip.net
domain:ota-cache3.googlezip.net
domain:ota.googlezip.net
domain:play-apps-features.googleusercontent.com
domain:play-fe.googleapis.com
domain:play-lh.googleusercontent.com
domain:play.google.com
domain:play.googleapis.com
domain:playconsole.static.usercontent.goog
domain:playgateway-pa.googleapis.com
domain:playstoregatewayadapter-pa.googleapis.com
domain:prod-lt-playstoregatewayadapter-pa.googleapis.com
domain:quake-pa.googleapis.com
domain:safebrowsing.googleapis.com
domain:voledevice-pa.googleapis.com
