domain:1drv.com
domain:1drv.ms
domain:adl.windows.com
domain:amupdatedl.microsoft.com
domain:api.cdp.microsoft.com
domain:arc-apac.msn.com
domain:crl.microsoft.com
domain:data.microsoft.com
domain:definitionupdates.microsoft.com
domain:download.microsoft.com
domain:download.visualstudio.microsoft.com
domain:frontdoor.bigcatalog.commerce.microsoft.com
domain:gamepass.com
domain:go.microsoft.com
domain:livefilestore.com
domain:mp.microsoft.com
domain:mp.microsoft.com.nsatc.net
domain:mscrl.microsoft.com
domain:msocsp.com
domain:ntservicepack.microsoft.com
domain:o-ring.msedge.net
domain:ocsp.microsoft.com
domain:onedrive.co
domain:onedrive.co.uk
domain:onedrive.com
domain:onedrive.eu
domain:onedrive.live.com
domain:onedrive.net
domain:onedrive.org
domain:oneocsp.microsoft.com
domain:orithegame.com
domain:renovacionxboxlive.com
domain:skydrivesync.policies.live.net
domain:smartscreen-prod.microsoft.com
domain:spo-ring.msedge.net
domain:stats.microsoft.com
domain:storage.live.com
domain:store.core.windows.net
domain:tellmewhygame.com
domain:update.microsoft.com
domain:update.microsoft.com.akadns.net
domain:windows.com.akadns.net
domain:windowsupdate.com
domain:windowsupdate.microsoft.com
domain:wns.notify.trafficmanager.net
domain:wns.windows.com
domain:ws.microsoft.com
domain:wustat.windows.com
domain:xbox
domain:xbox.co
domain:xbox.eu
domain:xbox.org
domain:xbox360.co
domain:xbox360.com
domain:xbox360.eu
domain:xbox360.org
domain:xboxab.com
domain:xboxgamepass.com
domain:xboxgamestudios.com
domain:xboxone.co
domain:xboxone.com
domain:xboxone.eu
domain:xboxplayanywhere.com
domain:xboxservices.com
domain:xboxstudios.com
domain:xbx.lv
