domain:anthemgame.com
domain:anthemthegame.com
domain:apexlegends.com
domain:awayoutgame.com
domain:battlefront2.com
domain:battlefrontii.com
domain:bejeweledstars.com
domain:bejewled-stars.com
domain:bioware.com
domain:biowarestore.com
domain:blackboxgames.com
domain:camelot-europe.com
domain:camelotherald.com
domain:camelotherald.net
domain:capitalgames.com
domain:chillingo.com
domain:cloudsync-prod.s3.amazonaws.com
domain:cncrivals.com
domain:commandandconquer.com
domain:conquerwithcharacter.com
domain:crysis.jp
domain:daoc.net
domain:darkageofcamelot.com
domain:darkness-risen.com
domain:dawngate.com
domain:dawngatechronicles.com
domain:deadspacegame.com
domain:dicela.com
domain:dicela.net
domain:dragonage.com
domain:dragonagekeep.com
domain:dragonagemovie.com
domain:dungeonkeeper.cn
domain:dungeonkeeper.com
domain:dungeonkeeper.com.cn
domain:ea-anz-press.com
domain:ea.tt.omtrdc.net
domain:eaaccess.com
domain:eaassets-a.akamaihd.net
domain:eablackbox.com
domain:eacashcard.com
domain:eacodigos.com
domain:eafootballworld.com
domain:eakorea.co.kr
domain:eamirrorsedge.com
domain:eamobile.com
domain:eamythic.com
domain:eamythic.net
domain:eanordic.com
domain:eaplay.com
domain:easports.com
domain:easports.jp
domain:easportsactive.com
domain:easportsactiveonline.com
domain:easportsfootball.com
domain:easportsfootballclub.com
domain:easportsmma.com
domain:easportsworld.com
domain:eastore.com
domain:electronicarts.com
domain:electronicarts.fr
domain:fifastreet.com
domain:fifastreet3.com
domain:frostbite.com
domain:futpromos.com
domain:futunited.com
domain:ghostgames.com
domain:heroesofdragonage.com
domain:hutpromos.com
domain:industrialtoys.com
domain:lordofultima.com
domain:maddenchampionship.com
domain:maddenrewards.com
domain:maddenseason.info
domain:maddenseason.net
domain:maddenseason.org
domain:masseffect.com
domain:masseffectarchives.com
domain:maxis.com
domain:mirrorsedge.com
domain:mirrorsedge.jp
domain:mirrorsedge.net
domain:mirrorsedge2.com
domain:mirrorsedge2d.com
domain:mysims.com
domain:mysimsracing.com
domain:mythicentertainment.com
domain:mythicentertainment.net
domain:mythicgames.com
domain:needforspeed.com
domain:needforspeedboost.com
domain:needforspeeddriftkings.com
domain:needforspeedeliminator.com
domain:needforspeedlightning.com
domain:needforspeedoverdrive.com
domain:needforspeedproven.com
domain:needforspeedredline.com
domain:needforspeedshowdown.com
domain:needforspeedstreetkings.com
domain:needforspeedtakedown.com
domain:needforspeedtherun.com
domain:needforspeedtimeattack.com
domain:needforspeedundergroundeast.com
domain:nfsworld.com
domain:origin-a.akamaihd.net
domain:origin.com
domain:origin.tv
domain:plantsvszombies2.com
domain:play4free.com
domain:playapex.com
domain:pogo.com
domain:pogobeta.com
domain:popcap.com
domain:projectapex.com
domain:pvzgw2.com
domain:pvzheroes.com
domain:seaofsolitude.com
domain:simcity-buildit.com
domain:simcity.com
domain:skate2.com
domain:spearhead.kr
domain:speedhunters.com
domain:spore.com
domain:ssl-lvlt.cdn.ea.com
domain:ssx3.com
domain:starwarsbattlefront.com
domain:starwarsbattlefront2.com
domain:starwarsfallenorder.com
domain:starwarsjedifallenorder.com
domain:starwarstheoldrepublic.com
domain:swjedifallenorder.com
domain:swjfo.com
domain:swtor.com
domain:swtor.net
domain:teamneedforspeed.com
domain:thedreadwolfrises.com
domain:thesims.com
domain:thesims3.com
domain:thesims4.com
domain:thesimssocial.com
domain:tiberiumalliances.com
domain:tiburon.com
domain:titanfall.com
domain:tnt-ea.com
domain:ultimaforever.com
domain:ultimaonline.com
domain:unravel2.com
domain:unraveltwo.com
domain:uo.com
domain:uoherald.com
domain:visceralgames.com
domain:xdsummit.com
domain:yogify.com
