domain:a4e8s8k3.map2.ssl.hwcdn.net
domain:client-update.queniuqe.com
domain:csgo.wmsj.cn
domain:dl.steam.clngaa.com
domain:dota2.wmsj.cn
domain:edge.steam-dns.top.comcast.net
domain:f3b7q2p3.ssl.hwcdn.net
domain:gstore.val.manlaxy.com
domain:lv.queniujq.cn
domain:playartifact.com
domain:s.team
domain:st.dl.bscstorage.net
domain:st.dl.eccdnx.com
domain:st.dl.pinyuncloud.com
domain:steam-api.com
domain:steam-chat.com
domain:steam.apac.qtlglb.com
domain:steam.cdn.on.net
domain:steam.cdn.orcon.net.nz
domain:steam.cdn.slingshot.co.nz
domain:steam.cdn.webra.ru
domain:steam.eca.qtlglb.com
domain:steam.naeu.qtlglb.com
domain:steam.ru.qtlglb.com
domain:steam.tv
domain:steamchina.com
domain:steamcloudsweden.blob.core.windows.net
domain:steamcommunity.com
domain:steamcontent.com
domain:steamdeck.com
domain:steamgames.com
domain:steampowered.com
domain:steampowered.com.8686c.com
domain:steamserver.net
domain:steamstatic.com.8686c.com
domain:steamusercontent.com
domain:underlords.com
domain:valvesoftware.com
domain:wmsjsteam.com
domain:xz.pphimalayanrt.com
